###############################################################################
#
# IAR ANSI C/C++ Compiler V8.10.1.12857/W32 for ARM       30/Aug/2018  15:16:02
# Copyright 1999-2017 IAR Systems AB.
#
#    Cpu mode     =  thumb
#    Endian       =  little
#    Source file  =  
#        C:\Users\Lenovo\Desktop\class3\@@@@@_@@@1@3@14@\@@@@@_@@@1@3@14@\src\Sources\C\SD_C\SD.c
#    Command line =  
#        -f C:\Users\Lenovo\AppData\Local\Temp\EWC050.tmp
#        (C:\Users\Lenovo\Desktop\class3\@@@@@_@@@1@3@14@\@@@@@_@@@1@3@14@\src\Sources\C\SD_C\SD.c
#        -D IAR -D TWR_K60N512 --preprocess
#        C:\Users\Lenovo\Desktop\class3\@@@@@_@@@1@3@14@\@@@@@_@@@1@3@14@\bin\Ram\List
#        -lCN
#        C:\Users\Lenovo\Desktop\class3\@@@@@_@@@1@3@14@\@@@@@_@@@1@3@14@\bin\Ram\List
#        -lB
#        C:\Users\Lenovo\Desktop\class3\@@@@@_@@@1@3@14@\@@@@@_@@@1@3@14@\bin\Ram\List
#        -o
#        C:\Users\Lenovo\Desktop\class3\@@@@@_@@@1@3@14@\@@@@@_@@@1@3@14@\bin\Ram\Obj
#        --no_cse --no_unroll --no_inline --no_code_motion --no_tbaa
#        --no_clustering --no_scheduling --debug --endian=little
#        --cpu=Cortex-M4 -e --fpu=None --dlib_config "C:\Program Files
#        (x86)\IAR Systems\Embedded Workbench 8.0\arm\INC\c\DLib_Config_Full.h"
#        -I
#        C:\Users\Lenovo\Desktop\class3\@@@@@_@@@1@3@14@\@@@@@_@@@1@3@14@\src\Sources\H\
#        -I
#        C:\Users\Lenovo\Desktop\class3\@@@@@_@@@1@3@14@\@@@@@_@@@1@3@14@\src\Sources\H\Component_H\
#        -I
#        C:\Users\Lenovo\Desktop\class3\@@@@@_@@@1@3@14@\@@@@@_@@@1@3@14@\src\Sources\H\Frame_H\
#        -I
#        C:\Users\Lenovo\Desktop\class3\@@@@@_@@@1@3@14@\@@@@@_@@@1@3@14@\src\Sources\H\Function_H\
#        -I
#        C:\Users\Lenovo\Desktop\class3\@@@@@_@@@1@3@14@\@@@@@_@@@1@3@14@\src\Sources\H\SD_H\
#        -I D:\quartus\quartus\cusp\80\synthinclude\ -Ol --use_c++_inline -I
#        "C:\Program Files (x86)\IAR Systems\Embedded Workbench
#        8.0\arm\CMSIS\Include\" -D ARM_MATH_CM4)
#    Locale       =  C
#    List file    =  
#        C:\Users\Lenovo\Desktop\class3\@@@@@_@@@1@3@14@\@@@@@_@@@1@3@14@\bin\Ram\List\SD.lst
#    Object file  =  
#        C:\Users\Lenovo\Desktop\class3\@@@@@_@@@1@3@14@\@@@@@_@@@1@3@14@\bin\Ram\Obj\SD.o
#
###############################################################################

C:\Users\Lenovo\Desktop\class3\@@@@@_@@@1@3@14@\@@@@@_@@@1@3@14@\src\Sources\C\SD_C\SD.c
      1          /******************************************************************************/
      2          /*******************************************************************************
      3            文件名：SD配置C文件 SD.c
      4            功  能：SD卡操作与配置
      5            日  期：2014.11.11
      6            作  者：HJZ
      7            备  注：
      8          *******************************************************************************/
      9          /******************************************************************************/
     10          #include "SD.h"
     11          
     12          
     13          
     14          


 

 


Errors: none
Warnings: 1
