###############################################################################
#
# IAR ANSI C/C++ Compiler V8.10.1.12857/W32 for ARM       30/Aug/2018  15:16:05
# Copyright 1999-2017 IAR Systems AB.
#
#    Cpu mode     =  thumb
#    Endian       =  little
#    Source file  =  
#        C:\Users\Lenovo\Desktop\class3\@@@@@_@@@1@3@14@\@@@@@_@@@1@3@14@\src\Project_Settings\Startup_Code\start.c
#    Command line =  
#        -f C:\Users\Lenovo\AppData\Local\Temp\EWD062.tmp
#        (C:\Users\Lenovo\Desktop\class3\@@@@@_@@@1@3@14@\@@@@@_@@@1@3@14@\src\Project_Settings\Startup_Code\start.c
#        -D IAR -D TWR_K60N512 --preprocess
#        C:\Users\Lenovo\Desktop\class3\@@@@@_@@@1@3@14@\@@@@@_@@@1@3@14@\bin\Ram\List
#        -lCN
#        C:\Users\Lenovo\Desktop\class3\@@@@@_@@@1@3@14@\@@@@@_@@@1@3@14@\bin\Ram\List
#        -lB
#        C:\Users\Lenovo\Desktop\class3\@@@@@_@@@1@3@14@\@@@@@_@@@1@3@14@\bin\Ram\List
#        -o
#        C:\Users\Lenovo\Desktop\class3\@@@@@_@@@1@3@14@\@@@@@_@@@1@3@14@\bin\Ram\Obj
#        --no_cse --no_unroll --no_inline --no_code_motion --no_tbaa
#        --no_clustering --no_scheduling --debug --endian=little
#        --cpu=Cortex-M4 -e --fpu=None --dlib_config "C:\Program Files
#        (x86)\IAR Systems\Embedded Workbench 8.0\arm\INC\c\DLib_Config_Full.h"
#        -I
#        C:\Users\Lenovo\Desktop\class3\@@@@@_@@@1@3@14@\@@@@@_@@@1@3@14@\src\Sources\H\
#        -I
#        C:\Users\Lenovo\Desktop\class3\@@@@@_@@@1@3@14@\@@@@@_@@@1@3@14@\src\Sources\H\Component_H\
#        -I
#        C:\Users\Lenovo\Desktop\class3\@@@@@_@@@1@3@14@\@@@@@_@@@1@3@14@\src\Sources\H\Frame_H\
#        -I
#        C:\Users\Lenovo\Desktop\class3\@@@@@_@@@1@3@14@\@@@@@_@@@1@3@14@\src\Sources\H\Function_H\
#        -I
#        C:\Users\Lenovo\Desktop\class3\@@@@@_@@@1@3@14@\@@@@@_@@@1@3@14@\src\Sources\H\SD_H\
#        -I D:\quartus\quartus\cusp\80\synthinclude\ -Ol --use_c++_inline -I
#        "C:\Program Files (x86)\IAR Systems\Embedded Workbench
#        8.0\arm\CMSIS\Include\" -D ARM_MATH_CM4)
#    Locale       =  C
#    List file    =  
#        C:\Users\Lenovo\Desktop\class3\@@@@@_@@@1@3@14@\@@@@@_@@@1@3@14@\bin\Ram\List\start.lst
#    Object file  =  
#        C:\Users\Lenovo\Desktop\class3\@@@@@_@@@1@3@14@\@@@@@_@@@1@3@14@\bin\Ram\Obj\start.o
#
###############################################################################

C:\Users\Lenovo\Desktop\class3\@@@@@_@@@1@3@14@\@@@@@_@@@1@3@14@\src\Project_Settings\Startup_Code\start.c
      1          //-------------------------------------------------------------------------*
      2          // 文件名:start.c                                                          *
      3          // 说  明: CPU启动后进行系统配置                                           *
      4          //-------------------------------------------------------------------------*
      5          
      6          //头文件
      7          #include "common.h"
      8          #include "wdog.h"
      9          #include "sysinit.h"
     10          
     11          #pragma section = ".data"
     12          #pragma section = ".data_init"
     13          #pragma section = ".bss"
     14          #pragma section = "CodeRelocate"
     15          #pragma section = "CodeRelocateRam" 
     16          
     17          //内部函数声明
     18          //-------------------------------------------------------------------------*
     19          //函数名: common_startup                                                   *
     20          //功  能: 复制中断向量表到RAM中                                            * 
     21          //参  数: 无								   *	
     22          //说  明: 将ROM中的初始化数据拷贝到RAM中                                   *
     23          //-------------------------------------------------------------------------*
     24          void common_startup(void);
     25          
     26          //-------------------------------------------------------------------------*
     27          //函数名: start                                                            *
     28          //功  能: 系统启动                                                         * 
     29          //参  数: 无								   *	
     30          //说  明: 无                                                               *
     31          //-------------------------------------------------------------------------*

   \                                 In section .text, align 2, keep-with-next
     32          void start(void)
     33          {
   \                     start: (+1)
   \   00000000   0xB580             PUSH     {R7,LR}
     34              //关闭看门狗
     35              wdog_disable();		
   \   00000002   0x.... 0x....      BL       wdog_disable
     36              //复制中断向量表到RAM中
     37              common_startup();	
   \   00000006   0x.... 0x....      BL       common_startup
     38              //系统设置
     39              sysinit();			
   \   0000000A   0x.... 0x....      BL       sysinit
     40              //进入主函数
     41              main();				
   \   0000000E   0x.... 0x....      BL       main
     42          }
   \   00000012   0xBD01             POP      {R0,PC}          ;; return
     43          
     44          
     45          //-------------------------------------------------------------------------*
     46          //函数名: common_startup                                                   *
     47          //功  能: 复制中断向量表到RAM中                                            * 
     48          //参  数: 无								   *	
     49          //说  明: 将ROM中的初始化数据拷贝到RAM中                                   *
     50          //-------------------------------------------------------------------------*

   \                                 In section .text, align 2, keep-with-next
     51          void common_startup(void)
     52          {
   \                     common_startup: (+1)
   \   00000000   0xB580             PUSH     {R7,LR}
     53              /* Declare a counter we'll use in all of the copy loops */
     54              uint32 n;
     55           
     56           
     57              /* Addresses for VECTOR_TABLE and VECTOR_RAM come from the linker file */  
     58              extern uint32 __VECTOR_TABLE[];
     59              extern uint32 __VECTOR_RAM[];
     60          
     61              /* Copy the vector table to RAM */
     62              if (__VECTOR_RAM != __VECTOR_TABLE)
   \   00000002   0x....             LDR.N    R0,??DataTable1
   \   00000004   0x....             LDR.N    R1,??DataTable1_1
   \   00000006   0x4288             CMP      R0,R1
   \   00000008   0xD00B             BEQ.N    ??common_startup_0
     63              {
     64                  for (n = 0; n < 0x410; n++)
   \   0000000A   0x2100             MOVS     R1,#+0
   \   0000000C   0xE006             B.N      ??common_startup_1
     65                      __VECTOR_RAM[n] = __VECTOR_TABLE[n];
   \                     ??common_startup_2: (+1)
   \   0000000E   0x....             LDR.N    R0,??DataTable1_1
   \   00000010   0xF850 0x0021      LDR      R0,[R0, R1, LSL #+2]
   \   00000014   0x....             LDR.N    R2,??DataTable1
   \   00000016   0xF842 0x0021      STR      R0,[R2, R1, LSL #+2]
   \   0000001A   0x1C49             ADDS     R1,R1,#+1
   \                     ??common_startup_1: (+1)
   \   0000001C   0xF5B1 0x6F82      CMP      R1,#+1040
   \   00000020   0xD3F5             BCC.N    ??common_startup_2
     66              }
     67              /* Point the VTOR to the new copy of the vector table */
     68              write_vtor((uint32)__VECTOR_RAM);    
   \                     ??common_startup_0: (+1)
   \   00000022   0x....             LDR.N    R0,??DataTable1
   \   00000024   0x.... 0x....      BL       write_vtor
     69              
     70              /* Get the addresses for the .data section (initialized data section) */
     71              uint8* data_ram = __section_begin(".data");
   \   00000028   0x....             LDR.N    R2,??DataTable1_2
     72              uint8* data_rom = __section_begin(".data_init");
   \   0000002A   0x....             LDR.N    R3,??DataTable1_3
     73              uint8* data_rom_end = __section_end(".data_init");
   \   0000002C   0x....             LDR.N    R1,??DataTable1_4
     74              
     75              /* Copy initialized data from ROM to RAM */
     76              n = data_rom_end - data_rom;
   \   0000002E   0x1AC9             SUBS     R1,R1,R3
   \   00000030   0xE003             B.N      ??common_startup_3
     77              while (n--)
     78                *data_ram++ = *data_rom++;
   \                     ??common_startup_4: (+1)
   \   00000032   0x7818             LDRB     R0,[R3, #+0]
   \   00000034   0x7010             STRB     R0,[R2, #+0]
   \   00000036   0x1C5B             ADDS     R3,R3,#+1
   \   00000038   0x1C52             ADDS     R2,R2,#+1
   \                     ??common_startup_3: (+1)
   \   0000003A   0x0008             MOVS     R0,R1
   \   0000003C   0x1E41             SUBS     R1,R0,#+1
   \   0000003E   0x2800             CMP      R0,#+0
   \   00000040   0xD1F7             BNE.N    ??common_startup_4
     79           
     80           
     81              /* Get the addresses for the .bss section (zero-initialized data) */
     82              uint8* bss_start = __section_begin(".bss");
   \   00000042   0x....             LDR.N    R2,??DataTable1_5
     83              uint8* bss_end = __section_end(".bss");
   \   00000044   0x....             LDR.N    R1,??DataTable1_6
     84              
     85              /* Clear the zero-initialized data section */
     86              n = bss_end - bss_start;
   \   00000046   0x1A89             SUBS     R1,R1,R2
   \   00000048   0xE002             B.N      ??common_startup_5
     87              while(n--)
     88                *bss_start++ = 0;    
   \                     ??common_startup_6: (+1)
   \   0000004A   0x2000             MOVS     R0,#+0
   \   0000004C   0x7010             STRB     R0,[R2, #+0]
   \   0000004E   0x1C52             ADDS     R2,R2,#+1
   \                     ??common_startup_5: (+1)
   \   00000050   0x0008             MOVS     R0,R1
   \   00000052   0x1E41             SUBS     R1,R0,#+1
   \   00000054   0x2800             CMP      R0,#+0
   \   00000056   0xD1F8             BNE.N    ??common_startup_6
     89              
     90              /* Get addresses for any code sections that need to be copied from ROM to RAM.
     91               * The IAR tools have a predefined keyword that can be used to mark individual
     92               * functions for execution from RAM. Add "__ramfunc" before the return type in
     93               * the function prototype for any routines you need to execute from RAM instead 
     94               * of ROM. ex: __ramfunc void foo(void);
     95               */
     96              uint8* code_relocate_ram = __section_begin("CodeRelocateRam");
   \   00000058   0x....             LDR.N    R2,??DataTable1_7
     97              uint8* code_relocate = __section_begin("CodeRelocate");
   \   0000005A   0x....             LDR.N    R3,??DataTable1_8
     98              uint8* code_relocate_end = __section_end("CodeRelocate");
   \   0000005C   0x....             LDR.N    R1,??DataTable1_9
     99              
    100              /* Copy functions from ROM to RAM */
    101              n = code_relocate_end - code_relocate;
   \   0000005E   0x1AC9             SUBS     R1,R1,R3
   \   00000060   0xE003             B.N      ??common_startup_7
    102              while (n--)
    103                *code_relocate_ram++ = *code_relocate++;
   \                     ??common_startup_8: (+1)
   \   00000062   0x7818             LDRB     R0,[R3, #+0]
   \   00000064   0x7010             STRB     R0,[R2, #+0]
   \   00000066   0x1C5B             ADDS     R3,R3,#+1
   \   00000068   0x1C52             ADDS     R2,R2,#+1
   \                     ??common_startup_7: (+1)
   \   0000006A   0x0008             MOVS     R0,R1
   \   0000006C   0x1E41             SUBS     R1,R0,#+1
   \   0000006E   0x2800             CMP      R0,#+0
   \   00000070   0xD1F7             BNE.N    ??common_startup_8
    104          }
   \   00000072   0xBD01             POP      {R0,PC}          ;; return

   \                                 In section .text, align 4, keep-with-next
   \                     ??DataTable1:
   \   00000000   0x........         DC32     __VECTOR_RAM

   \                                 In section .text, align 4, keep-with-next
   \                     ??DataTable1_1:
   \   00000000   0x........         DC32     __VECTOR_TABLE

   \                                 In section .text, align 4, keep-with-next
   \                     ??DataTable1_2:
   \   00000000   0x........         DC32     SFB(`.data`)

   \                                 In section .text, align 4, keep-with-next
   \                     ??DataTable1_3:
   \   00000000   0x........         DC32     SFB(`.data_init`)

   \                                 In section .text, align 4, keep-with-next
   \                     ??DataTable1_4:
   \   00000000   0x........         DC32     SFE(`.data_init`)

   \                                 In section .text, align 4, keep-with-next
   \                     ??DataTable1_5:
   \   00000000   0x........         DC32     SFB(`.bss`)

   \                                 In section .text, align 4, keep-with-next
   \                     ??DataTable1_6:
   \   00000000   0x........         DC32     SFE(`.bss`)

   \                                 In section .text, align 4, keep-with-next
   \                     ??DataTable1_7:
   \   00000000   0x........         DC32     SFB(CodeRelocateRam)

   \                                 In section .text, align 4, keep-with-next
   \                     ??DataTable1_8:
   \   00000000   0x........         DC32     SFB(CodeRelocate)

   \                                 In section .text, align 4, keep-with-next
   \                     ??DataTable1_9:
   \   00000000   0x........         DC32     SFE(CodeRelocate)

   Maximum stack usage in bytes:

   .cstack Function
   ------- --------
       8   common_startup
         8   -> write_vtor
       8   start
         8   -> common_startup
         8   -> main
         8   -> sysinit
         8   -> wdog_disable


   Section sizes:

   Bytes  Function/Label
   -----  --------------
       4  ??DataTable1
       4  ??DataTable1_1
       4  ??DataTable1_2
       4  ??DataTable1_3
       4  ??DataTable1_4
       4  ??DataTable1_5
       4  ??DataTable1_6
       4  ??DataTable1_7
       4  ??DataTable1_8
       4  ??DataTable1_9
     116  common_startup
      20  start

 
 176 bytes in section .text
 
 176 bytes of CODE memory

Errors: none
Warnings: 1
